DFW status and trace log : Thu Apr 25 16:22:09 2013

16:22:09.087 ERROR: no id specified
  SevError(2) : programcontext.cpp : 5450
16:22:09.091 ERROR: target definition defaultTarget has not been created
  Protocol Component : SevError(2) : targetdefinitionmanager.cpp : 5122
DFW status and trace log : Thu Apr 25 16:29:27 2013

16:29:27.724 ERROR: Node 'TargetDefns' does not have a child name 'VxWorks6x_10.12.57.2': StdStructContainerInfoNode1::evalNodeChild
  Protocol Component : SevError(2) : infonodehelper.hpp : 1645
16:29:27.726 ERROR: Node 'TargetDefns' does not have a child name 'VxWorks6x_10.12.57.2'
  Protocol Component : SevError(2) : infonodehelper.hpp : 1645
16:29:28.083 ERROR: no id specified
  SevError(2) : programcontext.cpp : 5450
16:29:28.202 ERROR: no id specified
  SevError(2) : programcontext.cpp : 5450
16:29:28.202 ERROR: no id specified
  SevError(2) : programcontext.cpp : 5450
16:29:28.334 ERROR: Invalid core (CPU) id
  SevError(2) : tccoreinfo.cpp : 849
16:29:28.578 ERROR: Unsupported function call: TargetPluginAPI::GetTraceInfo
  SevError(2) : tccallwrappers.cpp : 4532
16:29:30.580 WARNING: No register with name 'FPRegisterAccess' exists: TOSComponent::PopulateRegisterData
  SevWarning(1) : scregaccess.cpp : 3695
16:29:30.580 WARNING: No register with name 'FPRegisterAccess' exists: TOSComponent::PopulateRegisterData
  SevWarning(1) : scregaccess.cpp : 3695
16:29:30.580 WARNING: No register with name 'FPRegisterAccess' exists
  SevWarning(1) : scregaccess.cpp : 3695
16:29:30.602 ERROR: Property not found: ModuleOSManaged
  Tos Component : SevError(2) : tosobject.cpp : 2488
16:29:30.820 ERROR: Internal Error: Target connected notice when not connecting
  SevInternalError(4) : contextstatemanagerimpl.cpp : 535
16:29:31.016 ERROR: Property not found: IsModulesSynched
  Module Component : SevError(2) : modulecomponent.cpp : 280
16:29:31.183 WARNING: Object file has minimal debug information: /c/ni-rt/system/FRC_UserProgram.out
  SevWarning(1) : symbolmanager.cpp : 171
16:29:31.311 WARNING: Object file has minimal debug information: /c/ni-rt/system/FRC_FPGA.out
  SevWarning(1) : symbolmanager.cpp : 171
16:29:31.318 WARNING: Object file has minimal debug information: /tmpout/NiFpga.out
  SevWarning(1) : symbolmanager.cpp : 171
16:29:31.322 WARNING: Object file has minimal debug information: /tmpout/niserial.out
  SevWarning(1) : symbolmanager.cpp : 171
16:29:31.337 WARNING: Object file has minimal debug information: /tmpout/nivision.out
  SevWarning(1) : symbolmanager.cpp : 171
16:29:31.348 WARNING: Object file has minimal debug information: /tmpout/nivissvc.out
  SevWarning(1) : symbolmanager.cpp : 171
16:29:31.353 WARNING: Object file has minimal debug information: /tmpout/nisysrpc.out
  SevWarning(1) : symbolmanager.cpp : 171
16:29:31.504 WARNING: Object file has minimal debug information: /tmpout/lvrt.out
  SevWarning(1) : symbolmanager.cpp : 171
16:29:31.514 WARNING: Object file has minimal debug information: /tmpout/niriomtk.out
  SevWarning(1) : symbolmanager.cpp : 171
16:29:31.518 WARNING: Object file has minimal debug information: /tmpout/target.out
  SevWarning(1) : symbolmanager.cpp : 171
16:29:31.529 WARNING: Object file has minimal debug information: /tmpout/vx_exec.out
  SevWarning(1) : symbolmanager.cpp : 171
16:29:31.533 WARNING: Object file has minimal debug information: /c/ni-rt/system/NiFpgaLv.out
  SevWarning(1) : symbolmanager.cpp : 171
16:29:31.537 WARNING: Object file has minimal debug information: /c/ni-rt/system/NiViSv32.out
  SevWarning(1) : symbolmanager.cpp : 171
16:29:31.544 WARNING: Object file has minimal debug information: /tmpout/NiRioSrv.out
  SevWarning(1) : symbolmanager.cpp : 171
16:29:31.548 WARNING: Object file has minimal debug information: /c/ni-rt/system/ni_emb.out
  SevWarning(1) : symbolmanager.cpp : 171
16:29:31.553 WARNING: Object file has minimal debug information: /tmpout/FRC_NetworkCommunication.out
  SevWarning(1) : symbolmanager.cpp : 171
16:29:31.559 WARNING: Object file has minimal debug information: /tmpout/visa32.out
  SevWarning(1) : symbolmanager.cpp : 171
16:29:31.562 WARNING: Object file has minimal debug information: /c/ni-rt/system/nisvcloc.out
  SevWarning(1) : symbolmanager.cpp : 171
16:29:31.567 WARNING: Object file has minimal debug information: /tmpout/nirpcs.out
  SevWarning(1) : symbolmanager.cpp : 171
16:29:31.572 WARNING: Object file has minimal debug information: /tmpout/niCPULib.out
  SevWarning(1) : symbolmanager.cpp : 171
16:29:31.576 WARNING: Object file has minimal debug information: /c/ni-rt/system/nirtdm.out
  SevWarning(1) : symbolmanager.cpp : 171
16:29:31.583 WARNING: Object file has minimal debug information: /tmpout/nisysapi.out
  SevWarning(1) : symbolmanager.cpp : 171
16:29:31.586 WARNING: Object file has minimal debug information: /c/ni-rt/system/debug.o
  SevWarning(1) : symbolmanager.cpp : 171
16:29:31.590 WARNING: Object file has minimal debug information: /tmpout/tsengine.out
  SevWarning(1) : symbolmanager.cpp : 171
16:29:31.594 WARNING: Object file has minimal debug information: /tmpout/libexpat.out
  SevWarning(1) : symbolmanager.cpp : 171
16:29:31.598 WARNING: Object file has minimal debug information: /c/ni-rt/system/vxipnp/VxWorks/bin/NiViRio.out
  SevWarning(1) : symbolmanager.cpp : 171
16:29:31.602 WARNING: Object file has minimal debug information: /tmpout/nimdnsResponder.out
  SevWarning(1) : symbolmanager.cpp : 171
16:29:31.606 WARNING: Object file has minimal debug information: /c/ni-rt/system/vxfpsup.out
  SevWarning(1) : symbolmanager.cpp : 171
16:29:31.609 WARNING: Object file has minimal debug information: /c/ni-rt/system/NiRioRpc.out
  SevWarning(1) : symbolmanager.cpp : 171
16:29:31.612 WARNING: Object file has minimal debug information: /c/ni-rt/system/nipci.out
  SevWarning(1) : symbolmanager.cpp : 171
16:29:31.615 WARNING: Object file has minimal debug information: /c/ni-rt/system/ftpserve.out
  SevWarning(1) : symbolmanager.cpp : 171
16:29:31.619 WARNING: Object file has minimal debug information: /c/ni-rt/system/FRC_BlackJagBridgePlugin.out
  SevWarning(1) : symbolmanager.cpp : 171
16:29:31.622 WARNING: Object file has minimal debug information: /tmpout/NiViRpc.out
  SevWarning(1) : symbolmanager.cpp : 171
16:29:31.626 WARNING: Object file has minimal debug information: /c/ni-rt/system/ts_rtc.out
  SevWarning(1) : symbolmanager.cpp : 171
16:29:31.629 WARNING: Object file has minimal debug information: /tmpout/libiconv.out
  SevWarning(1) : symbolmanager.cpp : 171
16:29:31.632 WARNING: Object file has minimal debug information: /c/ni-rt/system/vxipnp/VxWorks/bin/NiEnAsrl.out
  SevWarning(1) : symbolmanager.cpp : 171
16:29:31.635 WARNING: Object file has minimal debug information: /tmpout/NiViEnet.out
  SevWarning(1) : symbolmanager.cpp : 171
16:29:31.638 WARNING: Object file has minimal debug information: /tmpout/NiViUsbj.out
  SevWarning(1) : symbolmanager.cpp : 171
16:29:31.642 WARNING: Object file has minimal debug information: /tmpout/NiViAsrl.out
  SevWarning(1) : symbolmanager.cpp : 171
16:29:31.645 WARNING: Object file has minimal debug information: /c/ni-rt/system/lvuste.out
  SevWarning(1) : symbolmanager.cpp : 171
16:30:11.210 ERROR: target server back-end disconnected
  SevError(2) : torwtxCommon.cpp : 1086
16:30:11.212 ERROR: Disconnect in progress
  SevError(2) : scruncontrol.cpp : 869
16:30:11.221 ERROR: Target not connected: TargetComponent::CheckInitAndConnect
  SevError(2) : targetcomponent.cpp : 2813
16:30:11.221 ERROR: Target not connected
  SevError(2) : targetcomponent.cpp : 2813
16:30:11.222 ERROR: no id specified
  SevError(2) : programcontext.cpp : 5450
16:30:11.231 ERROR: Target not connected: TargetComponent::CheckInitAndConnect
  SevError(2) : targetcomponent.cpp : 2813
16:30:11.231 ERROR: Target not connected
  SevError(2) : targetcomponent.cpp : 2813
16:30:11.231 ERROR: no id specified
  SevError(2) : programcontext.cpp : 5450
16:30:12.872 ERROR: Socket Error. API: recv, SessionId: 916, ReturnCode:  [SystemErrorCode=10054]: SocketHandler::Read
  Protocol Component : SevError(2) : sockethandler.cpp : 102
16:30:12.872 ERROR: Socket Error. API: recv, SessionId: 916, ReturnCode:  [SystemErrorCode=10054]
  Protocol Component : SevError(2) : sockethandler.cpp : 102
16:30:12.873 ERROR: target definition defaultTarget has not been created
  Protocol Component : SevError(2) : targetdefinitionmanager.cpp : 5122
16:30:12.873 ERROR: target definition VxWorks6x_10.12.57.2 has not been created
  Protocol Component : SevError(2) : targetdefinitionmanager.cpp : 5122
16:30:12.873 Operation succeeded: ShutdownServer
  Reason: ERRNone  Severity: ERRSuccessful16:30:12.873 ERROR: target definition defaultTarget has not been created
  Protocol Component : SevError(2) : targetdefinitionmanager.cpp : 5122
16:30:12.873 ERROR: target definition VxWorks6x_10.12.57.2 has not been created
  Protocol Component : SevError(2) : targetdefinitionmanager.cpp : 5122
