Build started 4/12/2013 4:22:07 PM.
     1>Project "C:\Users\Nathan\Documents\GitHub\Team1257Code\Conway's Game Of Life\Conway's_Game_Of_Life\Conway's_Game_Of_Life\Conway's_Game_Of_Life.vcxproj" on node 2 (Build target(s)).
     1>ClCompile:
         C:\Program Files (x86)\Microsoft Visual Studio 11.0\VC\bin\CL.exe /c /Zi /nologo /W3 /WX- /sdl /O2 /Oi /Oy- /GL /D WIN32 /D NDEBUG /D _CONSOLE /D _UNICODE /D UNICODE /Gm- /EHsc /MD /GS /Gy /fp:precise /Zc:wchar_t /Zc:forScope /Yc"stdafx.h" /Fp"Release\Conway's_Game_Of_Life.pch" /Fo"Release\\" /Fd"Release\vc110.pdb" /Gd /TP /analyze- /errorReport:prompt stdafx.cpp
         stdafx.cpp
         C:\Program Files (x86)\Microsoft Visual Studio 11.0\VC\bin\CL.exe /c /Zi /nologo /W3 /WX- /sdl /O2 /Oi /Oy- /GL /D WIN32 /D NDEBUG /D _CONSOLE /D _UNICODE /D UNICODE /Gm- /EHsc /MD /GS /Gy /fp:precise /Zc:wchar_t /Zc:forScope /Yu"stdafx.h" /Fp"Release\Conway's_Game_Of_Life.pch" /Fo"Release\\" /Fd"Release\vc110.pdb" /Gd /TP /analyze- /errorReport:prompt "Conway's_Game_Of_Life.cpp"
         Conway's_Game_Of_Life.cpp
     1>Conway's_Game_Of_Life.cpp(9): warning C4244: 'argument' : conversion from 'time_t' to 'unsigned int', possible loss of data
       ResourceCompile:
         C:\Program Files (x86)\Windows Kits\8.0\bin\x86\rc.exe /D _UNICODE /D UNICODE /l"0x0409" /nologo /fo"Release\Conway's_Game_Of_Life.res" "..\..\..\Conway's Game Of Life\Conway's_Game_Of_Life\Conway's_Game_Of_Life\Conway's_Game_Of_Life.rc" 
       Link:
         C:\Program Files (x86)\Microsoft Visual Studio 11.0\VC\bin\link.exe /ERRORREPORT:PROMPT /OUT:"C:\Users\Nathan\Documents\GitHub\Team1257Code\Conway's Game Of Life\Conway's_Game_Of_Life\Release\Conway's_Game_Of_Life.exe" /INCREMENTAL:NO /NOLOGO kernel32.lib user32.lib gdi32.lib winspool.lib comdlg32.lib advapi32.lib shell32.lib ole32.lib oleaut32.lib uuid.lib odbc32.lib odbccp32.lib /MANIFEST /MANIFESTUAC:"level='asInvoker' uiAccess='false'" /manifest:embed /DEBUG /PDB:"C:\Users\Nathan\Documents\GitHub\Team1257Code\Conway's Game Of Life\Conway's_Game_Of_Life\Release\Conway's_Game_Of_Life.pdb" /SUBSYSTEM:CONSOLE /OPT:REF /OPT:ICF /LTCG /TLBID:1 /DYNAMICBASE /NXCOMPAT /IMPLIB:"C:\Users\Nathan\Documents\GitHub\Team1257Code\Conway's Game Of Life\Conway's_Game_Of_Life\Release\Conway's_Game_Of_Life.lib" /MACHINE:X86 /SAFESEH "Release\Conway's_Game_Of_Life.res"
         "Release\Conway's_Game_Of_Life.obj"
         Release\stdafx.obj
         Generating code
         Finished generating code
         Conway's_Game_Of_Life.vcxproj -> C:\Users\Nathan\Documents\GitHub\Team1257Code\Conway's Game Of Life\Conway's_Game_Of_Life\Release\Conway's_Game_Of_Life.exe
     1>Done Building Project "C:\Users\Nathan\Documents\GitHub\Team1257Code\Conway's Game Of Life\Conway's_Game_Of_Life\Conway's_Game_Of_Life\Conway's_Game_Of_Life.vcxproj" (Build target(s)).

Build succeeded.

Time Elapsed 00:00:02.98
